Flow report for Codificador_Canal
Sat Nov 15 14:14:26 2025
Quartus Prime Version 20.1.0 Build 711 06/05/2020 SJ Lite Edition


---------------------
; Table of Contents ;
---------------------
  1. Legal Notice
  2. Flow Summary
  3. Flow Settings
  4. Flow Non-Default Global Settings
  5. Flow Elapsed Time
  6. Flow OS Summary
  7. Flow Log
  8. Flow Messages
  9. Flow Suppressed Messages



----------------
; Legal Notice ;
----------------
Copyright (C) 2020  Intel Corporation. All rights reserved.
Your use of Intel Corporation's design tools, logic functions 
and other software and tools, and any partner logic 
functions, and any output files from any of the foregoing 
(including device programming or simulation files), and any 
associated documentation or information are expressly subject 
to the terms and conditions of the Intel Program License 
Subscription Agreement, the Intel Quartus Prime License Agreement,
the Intel FPGA IP License Agreement, or other applicable license
agreement, including, without limitation, that your use is for
the sole purpose of programming logic devices manufactured by
Intel and sold by Intel or its authorized distributors.  Please
refer to the applicable agreement for further details, at
https://fpgasoftware.intel.com/eula.



+---------------------------------------------------------------------+
; Flow Summary                                                        ;
+-----------------------+---------------------------------------------+
; Flow Status           ; Successful - Sat Nov 15 14:14:26 2025       ;
; Quartus Prime Version ; 20.1.0 Build 711 06/05/2020 SJ Lite Edition ;
; Revision Name         ; Codificador_Canal                           ;
; Top-level Entity Name ; Top_Codificador                             ;
; Family                ; MAX II                                      ;
; Device                ; EPM240T100C5                                ;
; Timing Models         ; Final                                       ;
; Total logic elements  ; 119 / 240 ( 50 % )                          ;
; Total pins            ; 34 / 80 ( 43 % )                            ;
; Total virtual pins    ; 0                                           ;
; UFM blocks            ; 0 / 1 ( 0 % )                               ;
+-----------------------+---------------------------------------------+


+-----------------------------------------+
; Flow Settings                           ;
+-------------------+---------------------+
; Option            ; Setting             ;
+-------------------+---------------------+
; Start date & time ; 11/15/2025 14:14:12 ;
; Main task         ; Compilation         ;
; Revision Name     ; Codificador_Canal   ;
+-------------------+---------------------+


+-----------------------------------------------------------------------------------------------------------------------------------------------------------------------------+
; Flow Non-Default Global Settings                                                                                                                                            ;
+---------------------------------------+---------------------------------------------------------------+-------------------+-------------+-----------------------------------+
; Assignment Name                       ; Value                                                         ; Default Value     ; Entity Name ; Section Id                        ;
+---------------------------------------+---------------------------------------------------------------+-------------------+-------------+-----------------------------------+
; COMPILER_SIGNATURE_ID                 ; 37432592025998.176323765215020                                ; --                ; --          ; --                                ;
; EDA_DESIGN_INSTANCE_NAME              ; NA                                                            ; --                ; --          ; Top_Codificador_vlg_tst           ;
; EDA_GENERATE_FUNCTIONAL_NETLIST       ; Off                                                           ; --                ; --          ; eda_board_design_timing           ;
; EDA_GENERATE_FUNCTIONAL_NETLIST       ; Off                                                           ; --                ; --          ; eda_board_design_boundary_scan    ;
; EDA_GENERATE_FUNCTIONAL_NETLIST       ; Off                                                           ; --                ; --          ; eda_board_design_signal_integrity ;
; EDA_GENERATE_FUNCTIONAL_NETLIST       ; Off                                                           ; --                ; --          ; eda_board_design_symbol           ;
; EDA_NATIVELINK_SIMULATION_TEST_BENCH  ; Top_Codificador_vlg_tst                                       ; --                ; --          ; eda_simulation                    ;
; EDA_OUTPUT_DATA_FORMAT                ; Verilog Hdl                                                   ; --                ; --          ; eda_simulation                    ;
; EDA_SIMULATION_RUN_SCRIPT             ; simulation/modelsim/Codificador_Canal_run_msim_rtl_verilog.do ; --                ; --          ; eda_simulation                    ;
; EDA_SIMULATION_TOOL                   ; ModelSim-Altera (Verilog)                                     ; <None>            ; --          ; --                                ;
; EDA_TEST_BENCH_ENABLE_STATUS          ; TEST_BENCH_MODE                                               ; --                ; --          ; eda_simulation                    ;
; EDA_TEST_BENCH_FILE                   ; simulation/modelsim/Top_Codificador.vt                        ; --                ; --          ; Top_Codificador_vlg_tst           ;
; EDA_TEST_BENCH_MODULE_NAME            ; Top_Codificador_vlg_tst                                       ; --                ; --          ; Top_Codificador_vlg_tst           ;
; EDA_TEST_BENCH_NAME                   ; Top_Codificador_vlg_tst                                       ; --                ; --          ; eda_simulation                    ;
; EDA_TIME_SCALE                        ; 100 us                                                        ; --                ; --          ; eda_simulation                    ;
; MAX_CORE_JUNCTION_TEMP                ; 85                                                            ; --                ; --          ; --                                ;
; MIN_CORE_JUNCTION_TEMP                ; 0                                                             ; --                ; --          ; --                                ;
; POWER_EXT_SUPPLY_VOLTAGE_TO_REGULATOR ; 3.3V                                                          ; --                ; --          ; --                                ;
; POWER_PRESET_COOLING_SOLUTION         ; No Heat Sink With Still Air                                   ; --                ; --          ; --                                ;
; PROJECT_OUTPUT_DIRECTORY              ; output_files                                                  ; --                ; --          ; --                                ;
; TOP_LEVEL_ENTITY                      ; Top_Codificador                                               ; Codificador_Canal ; --          ; --                                ;
+---------------------------------------+---------------------------------------------------------------+-------------------+-------------+-----------------------------------+


+--------------------------------------------------------------------------------------------------------------------------+
; Flow Elapsed Time                                                                                                        ;
+----------------------+--------------+-------------------------+---------------------+------------------------------------+
; Module Name          ; Elapsed Time ; Average Processors Used ; Peak Virtual Memory ; Total CPU Time (on all processors) ;
+----------------------+--------------+-------------------------+---------------------+------------------------------------+
; Analysis & Synthesis ; 00:00:07     ; 1.0                     ; 4698 MB             ; 00:00:13                           ;
; Fitter               ; 00:00:03     ; 1.1                     ; 6162 MB             ; 00:00:02                           ;
; Assembler            ; 00:00:00     ; 1.0                     ; 4669 MB             ; 00:00:00                           ;
; Timing Analyzer      ; 00:00:01     ; 1.0                     ; 4683 MB             ; 00:00:01                           ;
; EDA Netlist Writer   ; 00:00:00     ; 1.0                     ; 4624 MB             ; 00:00:00                           ;
; Total                ; 00:00:11     ; --                      ; --                  ; 00:00:16                           ;
+----------------------+--------------+-------------------------+---------------------+------------------------------------+


+------------------------------------------------------------------------------------+
; Flow OS Summary                                                                    ;
+----------------------+------------------+------------+------------+----------------+
; Module Name          ; Machine Hostname ; OS Name    ; OS Version ; Processor type ;
+----------------------+------------------+------------+------------+----------------+
; Analysis & Synthesis ; HP-Victus15      ; Windows 10 ; 10.0       ; x86_64         ;
; Fitter               ; HP-Victus15      ; Windows 10 ; 10.0       ; x86_64         ;
; Assembler            ; HP-Victus15      ; Windows 10 ; 10.0       ; x86_64         ;
; Timing Analyzer      ; HP-Victus15      ; Windows 10 ; 10.0       ; x86_64         ;
; EDA Netlist Writer   ; HP-Victus15      ; Windows 10 ; 10.0       ; x86_64         ;
+----------------------+------------------+------------+------------+----------------+


------------
; Flow Log ;
------------
quartus_map --read_settings_files=on --write_settings_files=off Codificador_Canal -c Codificador_Canal
quartus_fit --read_settings_files=off --write_settings_files=off Codificador_Canal -c Codificador_Canal
quartus_asm --read_settings_files=off --write_settings_files=off Codificador_Canal -c Codificador_Canal
quartus_sta Codificador_Canal -c Codificador_Canal
quartus_eda --read_settings_files=off --write_settings_files=off Codificador_Canal -c Codificador_Canal



